<?xml version="1.0" encoding="UTF-8"?>
<testng-results ignored="0" total="1" passed="1" failed="0" skipped="0">
  <reporter-output>
  </reporter-output>
  <suite started-at="2021-10-16T14:19:04 EDT" name="Suite" finished-at="2021-10-16T14:19:12 EDT" duration-ms="8206">
    <groups>
    </groups>
    <test started-at="2021-10-16T14:19:04 EDT" name="Test" finished-at="2021-10-16T14:19:12 EDT" duration-ms="8206">
      <class name="testCases.TC001_login">
        <test-method is-config="true" signature="init()[pri:0, instance:testCases.TC001_login@6221a451]" started-at="2021-10-16T14:19:04 EDT" name="init" finished-at="2021-10-16T14:19:07 EDT" duration-ms="3281" status="PASS">
          <reporter-output>
          </reporter-output>
        </test-method> <!-- init -->
        <test-method signature="login()[pri:0, instance:testCases.TC001_login@6221a451]" started-at="2021-10-16T14:19:07 EDT" name="login" finished-at="2021-10-16T14:19:11 EDT" duration-ms="4194" status="PASS">
          <reporter-output>
          </reporter-output>
        </test-method> <!-- login -->
        <test-method is-config="true" signature="afterClass()[pri:0, instance:testCases.TC001_login@6221a451]" started-at="2021-10-16T14:19:11 EDT" name="afterClass" finished-at="2021-10-16T14:19:12 EDT" duration-ms="680" status="PASS">
          <reporter-output>
          </reporter-output>
        </test-method> <!-- afterClass -->
      </class> <!-- testCases.TC001_login -->
    </test> <!-- Test -->
  </suite> <!-- Suite -->
</testng-results>
